<?xml version="1.0" encoding="UTF-8"?>
<testng-results ignored="0" total="1" passed="1" failed="0" skipped="0">
  <reporter-output>
  </reporter-output>
  <suite started-at="2024-10-23T12:54:34 IST" name="Default suite" finished-at="2024-10-23T12:54:34 IST" duration-ms="39">
    <groups>
    </groups>
    <test started-at="2024-10-23T12:54:34 IST" name="Default test" finished-at="2024-10-23T12:54:34 IST" duration-ms="39">
      <class name="Demo.TestScript2">
        <test-method signature="m1()[pri:0, instance:Demo.TestScript2@6fd83fc1]" started-at="2024-10-23T12:54:34 IST" name="m1" finished-at="2024-10-23T12:54:34 IST" duration-ms="6" status="PASS">
          <reporter-output>
          </reporter-output>
        </test-method> <!-- m1 -->
      </class> <!-- Demo.TestScript2 -->
    </test> <!-- Default test -->
  </suite> <!-- Default suite -->
</testng-results>
